{"/home/panos/Documents/projects/test_job/programming_task_02/programming_task_02/src/authorize.js": {"path":"/home/panos/Documents/projects/test_job/programming_task_02/programming_task_02/src/authorize.js","statementMap":{"0":{"start":{"line":1,"column":13},"end":{"line":1,"column":37}},"1":{"start":{"line":2,"column":15},"end":{"line":2,"column":41}},"2":{"start":{"line":3,"column":13},"end":{"line":3,"column":37}},"3":{"start":{"line":4,"column":33},"end":{"line":4,"column":55}},"4":{"start":{"line":7,"column":17},"end":{"line":10,"column":14}},"5":{"start":{"line":11,"column":2},"end":{"line":11,"column":21}},"6":{"start":{"line":14,"column":23},"end":{"line":19,"column":1}},"7":{"start":{"line":23,"column":24},"end":{"line":23,"column":56}},"8":{"start":{"line":24,"column":28},"end":{"line":24,"column":64}},"9":{"start":{"line":27,"column":2},"end":{"line":29,"column":3}},"10":{"start":{"line":28,"column":4},"end":{"line":28,"column":17}},"11":{"start":{"line":30,"column":2},"end":{"line":30,"column":14}},"12":{"start":{"line":34,"column":17},"end":{"line":37,"column":14}},"13":{"start":{"line":38,"column":2},"end":{"line":38,"column":21}},"14":{"start":{"line":43,"column":17},"end":{"line":43,"column":104}},"15":{"start":{"line":45,"column":15},"end":{"line":45,"column":83}},"16":{"start":{"line":46,"column":17},"end":{"line":46,"column":30}},"17":{"start":{"line":50,"column":0},"end":{"line":50,"column":47}},"18":{"start":{"line":52,"column":18},"end":{"line":52,"column":39}},"19":{"start":{"line":53,"column":13},"end":{"line":53,"column":61}},"20":{"start":{"line":54,"column":0},"end":{"line":54,"column":32}},"21":{"start":{"line":57,"column":20},"end":{"line":57,"column":49}},"22":{"start":{"line":58,"column":15},"end":{"line":58,"column":133}},"23":{"start":{"line":59,"column":0},"end":{"line":59,"column":36}},"24":{"start":{"line":63,"column":0},"end":{"line":66,"column":1}},"25":{"start":{"line":64,"column":2},"end":{"line":64,"column":28}},"26":{"start":{"line":65,"column":2},"end":{"line":65,"column":15}},"27":{"start":{"line":67,"column":0},"end":{"line":67,"column":22}},"28":{"start":{"line":68,"column":0},"end":{"line":68,"column":12}},"29":{"start":{"line":69,"column":0},"end":{"line":69,"column":47}},"30":{"start":{"line":72,"column":0},"end":{"line":72,"column":27}}},"fnMap":{"0":{"name":"getById","decl":{"start":{"line":6,"column":15},"end":{"line":6,"column":22}},"loc":{"start":{"line":6,"column":27},"end":{"line":12,"column":1}},"line":6},"1":{"name":"canPerformAction","decl":{"start":{"line":22,"column":9},"end":{"line":22,"column":25}},"loc":{"start":{"line":22,"column":50},"end":{"line":31,"column":1}},"line":22},"2":{"name":"getByActionId","decl":{"start":{"line":33,"column":15},"end":{"line":33,"column":28}},"loc":{"start":{"line":33,"column":33},"end":{"line":39,"column":1}},"line":33},"3":{"name":"authorize","decl":{"start":{"line":42,"column":15},"end":{"line":42,"column":24}},"loc":{"start":{"line":42,"column":32},"end":{"line":70,"column":1}},"line":42}},"branchMap":{"0":{"loc":{"start":{"line":27,"column":2},"end":{"line":29,"column":3}},"type":"if","locations":[{"start":{"line":27,"column":2},"end":{"line":29,"column":3}},{"start":{},"end":{}}],"line":27},"1":{"loc":{"start":{"line":27,"column":6},"end":{"line":27,"column":91}},"type":"binary-expr","locations":[{"start":{"line":27,"column":6},"end":{"line":27,"column":26}},{"start":{"line":27,"column":30},"end":{"line":27,"column":54}},{"start":{"line":27,"column":58},"end":{"line":27,"column":91}}],"line":27},"2":{"loc":{"start":{"line":43,"column":17},"end":{"line":43,"column":104}},"type":"binary-expr","locations":[{"start":{"line":43,"column":17},"end":{"line":43,"column":30}},{"start":{"line":43,"column":35},"end":{"line":43,"column":55}},{"start":{"line":43,"column":59},"end":{"line":43,"column":79}},{"start":{"line":43,"column":83},"end":{"line":43,"column":103}}],"line":43},"3":{"loc":{"start":{"line":45,"column":15},"end":{"line":45,"column":83}},"type":"cond-expr","locations":[{"start":{"line":45,"column":48},"end":{"line":45,"column":70}},{"start":{"line":45,"column":73},"end":{"line":45,"column":83}}],"line":45},"4":{"loc":{"start":{"line":63,"column":0},"end":{"line":66,"column":1}},"type":"if","locations":[{"start":{"line":63,"column":0},"end":{"line":66,"column":1}},{"start":{},"end":{}}],"line":63}},"s":{"0":3,"1":3,"2":3,"3":3,"4":5,"5":2,"6":3,"7":2,"8":2,"9":2,"10":1,"11":1,"12":2,"13":2,"14":5,"15":5,"16":5,"17":5,"18":5,"19":2,"20":2,"21":2,"22":2,"23":2,"24":2,"25":1,"26":1,"27":1,"28":1,"29":0,"30":3},"f":{"0":5,"1":2,"2":2,"3":5},"b":{"0":[1,1],"1":[2,2,2],"2":[5,5,0,0],"3":[5,0],"4":[1,1]},"_coverageSchema":"1a1c01bbd47fc00a2c39e90264f33305004495a9","hash":"ff6f646fb4b31c39113902e27dd0d8d2f11d6d1c"}
,"/home/panos/Documents/projects/test_job/programming_task_02/programming_task_02/src/calculate.js": {"path":"/home/panos/Documents/projects/test_job/programming_task_02/programming_task_02/src/calculate.js","statementMap":{"0":{"start":{"line":1,"column":15},"end":{"line":1,"column":41}},"1":{"start":{"line":2,"column":17},"end":{"line":2,"column":38}},"2":{"start":{"line":3,"column":21},"end":{"line":3,"column":43}},"3":{"start":{"line":4,"column":16},"end":{"line":4,"column":45}},"4":{"start":{"line":5,"column":15},"end":{"line":5,"column":43}},"5":{"start":{"line":8,"column":17},"end":{"line":11,"column":14}},"6":{"start":{"line":12,"column":2},"end":{"line":12,"column":21}},"7":{"start":{"line":17,"column":15},"end":{"line":17,"column":83}},"8":{"start":{"line":18,"column":19},"end":{"line":18,"column":32}},"9":{"start":{"line":19,"column":2},"end":{"line":19,"column":37}},"10":{"start":{"line":20,"column":2},"end":{"line":20,"column":42}},"11":{"start":{"line":22,"column":22},"end":{"line":22,"column":51}},"12":{"start":{"line":23,"column":17},"end":{"line":23,"column":135}},"13":{"start":{"line":24,"column":2},"end":{"line":24,"column":38}},"14":{"start":{"line":25,"column":23},"end":{"line":25,"column":53}},"15":{"start":{"line":26,"column":2},"end":{"line":26,"column":46}},"16":{"start":{"line":29,"column":16},"end":{"line":29,"column":18}},"17":{"start":{"line":31,"column":2},"end":{"line":33,"column":3}},"18":{"start":{"line":32,"column":4},"end":{"line":32,"column":74}},"19":{"start":{"line":35,"column":2},"end":{"line":37,"column":1}},"20":{"start":{"line":36,"column":4},"end":{"line":36,"column":67}},"21":{"start":{"line":39,"column":0},"end":{"line":47,"column":1}},"22":{"start":{"line":40,"column":2},"end":{"line":40,"column":51}},"23":{"start":{"line":42,"column":5},"end":{"line":47,"column":1}},"24":{"start":{"line":43,"column":2},"end":{"line":43,"column":49}},"25":{"start":{"line":46,"column":2},"end":{"line":46,"column":34}},"26":{"start":{"line":55,"column":0},"end":{"line":55,"column":27}}},"fnMap":{"0":{"name":"getByActionId","decl":{"start":{"line":7,"column":15},"end":{"line":7,"column":28}},"loc":{"start":{"line":7,"column":33},"end":{"line":13,"column":1}},"line":7},"1":{"name":"calculate","decl":{"start":{"line":16,"column":15},"end":{"line":16,"column":24}},"loc":{"start":{"line":16,"column":32},"end":{"line":53,"column":1}},"line":16}},"branchMap":{"0":{"loc":{"start":{"line":17,"column":15},"end":{"line":17,"column":83}},"type":"cond-expr","locations":[{"start":{"line":17,"column":48},"end":{"line":17,"column":70}},{"start":{"line":17,"column":73},"end":{"line":17,"column":83}}],"line":17},"1":{"loc":{"start":{"line":35,"column":2},"end":{"line":37,"column":1}},"type":"if","locations":[{"start":{"line":35,"column":2},"end":{"line":37,"column":1}},{"start":{},"end":{}}],"line":35},"2":{"loc":{"start":{"line":35,"column":6},"end":{"line":35,"column":87}},"type":"binary-expr","locations":[{"start":{"line":35,"column":6},"end":{"line":35,"column":46}},{"start":{"line":35,"column":48},"end":{"line":35,"column":87}}],"line":35},"3":{"loc":{"start":{"line":39,"column":0},"end":{"line":47,"column":1}},"type":"if","locations":[{"start":{"line":39,"column":0},"end":{"line":47,"column":1}},{"start":{"line":42,"column":5},"end":{"line":47,"column":1}}],"line":39},"4":{"loc":{"start":{"line":42,"column":5},"end":{"line":47,"column":1}},"type":"if","locations":[{"start":{"line":42,"column":5},"end":{"line":47,"column":1}},{"start":{"line":45,"column":5},"end":{"line":47,"column":1}}],"line":42}},"s":{"0":3,"1":3,"2":3,"3":3,"4":3,"5":1,"6":1,"7":1,"8":1,"9":1,"10":1,"11":1,"12":1,"13":1,"14":1,"15":1,"16":1,"17":1,"18":0,"19":1,"20":0,"21":1,"22":0,"23":1,"24":0,"25":1,"26":3},"f":{"0":1,"1":1},"b":{"0":[1,0],"1":[0,1],"2":[1,0],"3":[0,1],"4":[0,1]},"_coverageSchema":"1a1c01bbd47fc00a2c39e90264f33305004495a9","hash":"c1d804d960a5540c987625a14f3ceb673c866f5f"}
,"/home/panos/Documents/projects/test_job/programming_task_02/programming_task_02/src/common/db.js": {"path":"/home/panos/Documents/projects/test_job/programming_task_02/programming_task_02/src/common/db.js","statementMap":{"0":{"start":{"line":1,"column":21},"end":{"line":1,"column":39}},"1":{"start":{"line":3,"column":17},"end":{"line":11,"column":2}},"2":{"start":{"line":13,"column":19},"end":{"line":17,"column":1}},"3":{"start":{"line":19,"column":0},"end":{"line":19,"column":42}}},"fnMap":{},"branchMap":{"0":{"loc":{"start":{"line":6,"column":6},"end":{"line":10,"column":3}},"type":"binary-expr","locations":[{"start":{"line":6,"column":6},"end":{"line":6,"column":40}},{"start":{"line":6,"column":44},"end":{"line":10,"column":3}}],"line":6}},"s":{"0":3,"1":3,"2":3,"3":3},"f":{},"b":{"0":[3,3]},"_coverageSchema":"1a1c01bbd47fc00a2c39e90264f33305004495a9","hash":"a2aeaa1100bdf5e39d817fc42bbebe20e6744c82"}
,"/home/panos/Documents/projects/test_job/programming_task_02/programming_task_02/src/handlers/counter.js": {"path":"/home/panos/Documents/projects/test_job/programming_task_02/programming_task_02/src/handlers/counter.js","statementMap":{"0":{"start":{"line":5,"column":4},"end":{"line":12,"column":6}},"1":{"start":{"line":6,"column":16},"end":{"line":8,"column":7}},"2":{"start":{"line":16,"column":0},"end":{"line":16,"column":25}}},"fnMap":{"0":{"name":"(anonymous_0)","decl":{"start":{"line":4,"column":2},"end":{"line":4,"column":3}},"loc":{"start":{"line":4,"column":28},"end":{"line":13,"column":3}},"line":4},"1":{"name":"(anonymous_1)","decl":{"start":{"line":6,"column":6},"end":{"line":6,"column":7}},"loc":{"start":{"line":6,"column":16},"end":{"line":8,"column":7}},"line":6}},"branchMap":{"0":{"loc":{"start":{"line":5,"column":12},"end":{"line":5,"column":25}},"type":"binary-expr","locations":[{"start":{"line":5,"column":12},"end":{"line":5,"column":19}},{"start":{"line":5,"column":23},"end":{"line":5,"column":25}}],"line":5}},"s":{"0":0,"1":0,"2":3},"f":{"0":0,"1":0},"b":{"0":[0,0]},"_coverageSchema":"1a1c01bbd47fc00a2c39e90264f33305004495a9","hash":"cd504e0e84bec6cc77f1d56b31bbab80d37fc027"}
,"/home/panos/Documents/projects/test_job/programming_task_02/programming_task_02/src/handlers/index.js": {"path":"/home/panos/Documents/projects/test_job/programming_task_02/programming_task_02/src/handlers/index.js","statementMap":{"0":{"start":{"line":1,"column":16},"end":{"line":1,"column":36}},"1":{"start":{"line":2,"column":15},"end":{"line":2,"column":34}},"2":{"start":{"line":6,"column":4},"end":{"line":13,"column":5}},"3":{"start":{"line":8,"column":8},"end":{"line":8,"column":23}},"4":{"start":{"line":10,"column":8},"end":{"line":10,"column":22}},"5":{"start":{"line":12,"column":8},"end":{"line":12,"column":59}},"6":{"start":{"line":17,"column":0},"end":{"line":17,"column":25}}},"fnMap":{"0":{"name":"(anonymous_0)","decl":{"start":{"line":5,"column":2},"end":{"line":5,"column":3}},"loc":{"start":{"line":5,"column":21},"end":{"line":14,"column":3}},"line":5}},"branchMap":{"0":{"loc":{"start":{"line":6,"column":4},"end":{"line":13,"column":5}},"type":"switch","locations":[{"start":{"line":7,"column":6},"end":{"line":8,"column":23}},{"start":{"line":9,"column":6},"end":{"line":10,"column":22}},{"start":{"line":11,"column":6},"end":{"line":12,"column":59}}],"line":6}},"s":{"0":3,"1":3,"2":4,"3":4,"4":0,"5":0,"6":3},"f":{"0":4},"b":{"0":[4,0,0]},"_coverageSchema":"1a1c01bbd47fc00a2c39e90264f33305004495a9","hash":"a8738f8f059d01f6c2c52a6cee41a88a0dd0b506"}
,"/home/panos/Documents/projects/test_job/programming_task_02/programming_task_02/src/handlers/newest.js": {"path":"/home/panos/Documents/projects/test_job/programming_task_02/programming_task_02/src/handlers/newest.js","statementMap":{"0":{"start":{"line":3,"column":6},"end":{"line":3,"column":56}},"1":{"start":{"line":3,"column":44},"end":{"line":3,"column":56}},"2":{"start":{"line":6,"column":6},"end":{"line":6,"column":29}},"3":{"start":{"line":7,"column":6},"end":{"line":7,"column":86}},"4":{"start":{"line":7,"column":29},"end":{"line":7,"column":84}},"5":{"start":{"line":8,"column":6},"end":{"line":8,"column":26}},"6":{"start":{"line":11,"column":6},"end":{"line":11,"column":29}},"7":{"start":{"line":15,"column":2},"end":{"line":15,"column":26}}},"fnMap":{"0":{"name":"(anonymous_0)","decl":{"start":{"line":2,"column":4},"end":{"line":2,"column":5}},"loc":{"start":{"line":2,"column":30},"end":{"line":12,"column":5}},"line":2},"1":{"name":"(anonymous_1)","decl":{"start":{"line":7,"column":19},"end":{"line":7,"column":20}},"loc":{"start":{"line":7,"column":29},"end":{"line":7,"column":84}},"line":7}},"branchMap":{"0":{"loc":{"start":{"line":3,"column":6},"end":{"line":3,"column":56}},"type":"if","locations":[{"start":{"line":3,"column":6},"end":{"line":3,"column":56}},{"start":{},"end":{}}],"line":3},"1":{"loc":{"start":{"line":3,"column":10},"end":{"line":3,"column":42}},"type":"binary-expr","locations":[{"start":{"line":3,"column":10},"end":{"line":3,"column":18}},{"start":{"line":3,"column":22},"end":{"line":3,"column":42}}],"line":3}},"s":{"0":0,"1":0,"2":0,"3":0,"4":0,"5":0,"6":0,"7":3},"f":{"0":0,"1":0},"b":{"0":[0,0],"1":[0,0]},"_coverageSchema":"1a1c01bbd47fc00a2c39e90264f33305004495a9","hash":"2b33169131e22575f8cdbda9a865205f6f95d3f7"}
,"/home/panos/Documents/projects/test_job/programming_task_02/programming_task_02/src/models/action.js": {"path":"/home/panos/Documents/projects/test_job/programming_task_02/programming_task_02/src/models/action.js","statementMap":{"0":{"start":{"line":1,"column":13},"end":{"line":1,"column":30}},"1":{"start":{"line":2,"column":33},"end":{"line":2,"column":56}},"2":{"start":{"line":3,"column":16},"end":{"line":3,"column":44}},"3":{"start":{"line":12,"column":4},"end":{"line":12,"column":17}},"4":{"start":{"line":13,"column":4},"end":{"line":13,"column":33}},"5":{"start":{"line":14,"column":4},"end":{"line":14,"column":32}},"6":{"start":{"line":15,"column":4},"end":{"line":15,"column":41}},"7":{"start":{"line":19,"column":16},"end":{"line":20,"column":11}},"8":{"start":{"line":22,"column":4},"end":{"line":24,"column":5}},"9":{"start":{"line":23,"column":6},"end":{"line":23,"column":47}},"10":{"start":{"line":26,"column":4},"end":{"line":26,"column":32}},"11":{"start":{"line":30,"column":16},"end":{"line":32,"column":10}},"12":{"start":{"line":34,"column":4},"end":{"line":36,"column":5}},"13":{"start":{"line":35,"column":6},"end":{"line":35,"column":45}},"14":{"start":{"line":38,"column":4},"end":{"line":38,"column":32}},"15":{"start":{"line":42,"column":24},"end":{"line":42,"column":88}},"16":{"start":{"line":43,"column":25},"end":{"line":43,"column":90}},"17":{"start":{"line":43,"column":58},"end":{"line":43,"column":89}},"18":{"start":{"line":45,"column":4},"end":{"line":48,"column":5}},"19":{"start":{"line":46,"column":8},"end":{"line":46,"column":51}},"20":{"start":{"line":47,"column":8},"end":{"line":47,"column":17}},"21":{"start":{"line":50,"column":4},"end":{"line":50,"column":56}},"22":{"start":{"line":50,"column":38},"end":{"line":50,"column":54}},"23":{"start":{"line":55,"column":0},"end":{"line":55,"column":24}}},"fnMap":{"0":{"name":"(anonymous_0)","decl":{"start":{"line":11,"column":2},"end":{"line":11,"column":3}},"loc":{"start":{"line":11,"column":47},"end":{"line":16,"column":3}},"line":11},"1":{"name":"(anonymous_1)","decl":{"start":{"line":18,"column":2},"end":{"line":18,"column":3}},"loc":{"start":{"line":18,"column":27},"end":{"line":27,"column":3}},"line":18},"2":{"name":"(anonymous_2)","decl":{"start":{"line":29,"column":2},"end":{"line":29,"column":3}},"loc":{"start":{"line":29,"column":26},"end":{"line":39,"column":3}},"line":29},"3":{"name":"(anonymous_3)","decl":{"start":{"line":41,"column":2},"end":{"line":41,"column":3}},"loc":{"start":{"line":41,"column":26},"end":{"line":51,"column":1}},"line":41},"4":{"name":"(anonymous_4)","decl":{"start":{"line":43,"column":50},"end":{"line":43,"column":51}},"loc":{"start":{"line":43,"column":58},"end":{"line":43,"column":89}},"line":43},"5":{"name":"(anonymous_5)","decl":{"start":{"line":50,"column":28},"end":{"line":50,"column":29}},"loc":{"start":{"line":50,"column":38},"end":{"line":50,"column":54}},"line":50}},"branchMap":{"0":{"loc":{"start":{"line":22,"column":4},"end":{"line":24,"column":5}},"type":"if","locations":[{"start":{"line":22,"column":4},"end":{"line":24,"column":5}},{"start":{},"end":{}}],"line":22},"1":{"loc":{"start":{"line":34,"column":4},"end":{"line":36,"column":5}},"type":"if","locations":[{"start":{"line":34,"column":4},"end":{"line":36,"column":5}},{"start":{},"end":{}}],"line":34},"2":{"loc":{"start":{"line":45,"column":4},"end":{"line":48,"column":5}},"type":"if","locations":[{"start":{"line":45,"column":4},"end":{"line":48,"column":5}},{"start":{},"end":{}}],"line":45}},"s":{"0":3,"1":3,"2":3,"3":3,"4":3,"5":3,"6":3,"7":0,"8":0,"9":0,"10":0,"11":0,"12":0,"13":0,"14":0,"15":1,"16":1,"17":1,"18":1,"19":1,"20":1,"21":0,"22":0,"23":3},"f":{"0":3,"1":0,"2":0,"3":1,"4":1,"5":0},"b":{"0":[0,0],"1":[0,0],"2":[1,0]},"_coverageSchema":"1a1c01bbd47fc00a2c39e90264f33305004495a9","hash":"cb698f29d47d7a543e73769a23e6897100a92df7"}
,"/home/panos/Documents/projects/test_job/programming_task_02/programming_task_02/src/models/role.js": {"path":"/home/panos/Documents/projects/test_job/programming_task_02/programming_task_02/src/models/role.js","statementMap":{"0":{"start":{"line":2,"column":21},"end":{"line":2,"column":39}},"1":{"start":{"line":3,"column":23},"end":{"line":3,"column":43}},"2":{"start":{"line":4,"column":27},"end":{"line":4,"column":51}},"3":{"start":{"line":5,"column":22},"end":{"line":5,"column":41}},"4":{"start":{"line":8,"column":4},"end":{"line":8,"column":52}},"5":{"start":{"line":8,"column":30},"end":{"line":8,"column":52}},"6":{"start":{"line":9,"column":4},"end":{"line":9,"column":56}},"7":{"start":{"line":9,"column":32},"end":{"line":9,"column":56}},"8":{"start":{"line":10,"column":4},"end":{"line":10,"column":64}},"9":{"start":{"line":10,"column":36},"end":{"line":10,"column":64}},"10":{"start":{"line":11,"column":4},"end":{"line":11,"column":54}},"11":{"start":{"line":11,"column":31},"end":{"line":11,"column":54}},"12":{"start":{"line":15,"column":0},"end":{"line":15,"column":22}}},"fnMap":{"0":{"name":"(anonymous_0)","decl":{"start":{"line":7,"column":2},"end":{"line":7,"column":3}},"loc":{"start":{"line":7,"column":21},"end":{"line":12,"column":3}},"line":7}},"branchMap":{"0":{"loc":{"start":{"line":8,"column":4},"end":{"line":8,"column":52}},"type":"if","locations":[{"start":{"line":8,"column":4},"end":{"line":8,"column":52}},{"start":{},"end":{}}],"line":8},"1":{"loc":{"start":{"line":9,"column":4},"end":{"line":9,"column":56}},"type":"if","locations":[{"start":{"line":9,"column":4},"end":{"line":9,"column":56}},{"start":{},"end":{}}],"line":9},"2":{"loc":{"start":{"line":10,"column":4},"end":{"line":10,"column":64}},"type":"if","locations":[{"start":{"line":10,"column":4},"end":{"line":10,"column":64}},{"start":{},"end":{}}],"line":10},"3":{"loc":{"start":{"line":11,"column":4},"end":{"line":11,"column":54}},"type":"if","locations":[{"start":{"line":11,"column":4},"end":{"line":11,"column":54}},{"start":{},"end":{}}],"line":11}},"s":{"0":3,"1":3,"2":3,"3":3,"4":5,"5":1,"6":4,"7":0,"8":4,"9":1,"10":3,"11":3,"12":3},"f":{"0":5},"b":{"0":[1,4],"1":[0,4],"2":[1,3],"3":[3,0]},"_coverageSchema":"1a1c01bbd47fc00a2c39e90264f33305004495a9","hash":"758f7f19a637651b40c9fe192b7ebaf94f8f2a0e"}
,"/home/panos/Documents/projects/test_job/programming_task_02/programming_task_02/src/models/user.js": {"path":"/home/panos/Documents/projects/test_job/programming_task_02/programming_task_02/src/models/user.js","statementMap":{"0":{"start":{"line":1,"column":33},"end":{"line":1,"column":56}},"1":{"start":{"line":2,"column":13},"end":{"line":2,"column":30}},"2":{"start":{"line":9,"column":4},"end":{"line":9,"column":17}},"3":{"start":{"line":10,"column":4},"end":{"line":10,"column":32}},"4":{"start":{"line":14,"column":16},"end":{"line":15,"column":11}},"5":{"start":{"line":17,"column":4},"end":{"line":19,"column":5}},"6":{"start":{"line":18,"column":6},"end":{"line":18,"column":45}},"7":{"start":{"line":21,"column":4},"end":{"line":21,"column":30}},"8":{"start":{"line":25,"column":0},"end":{"line":25,"column":22}}},"fnMap":{"0":{"name":"(anonymous_0)","decl":{"start":{"line":8,"column":2},"end":{"line":8,"column":3}},"loc":{"start":{"line":8,"column":26},"end":{"line":11,"column":3}},"line":8},"1":{"name":"(anonymous_1)","decl":{"start":{"line":13,"column":2},"end":{"line":13,"column":3}},"loc":{"start":{"line":13,"column":27},"end":{"line":22,"column":3}},"line":13}},"branchMap":{"0":{"loc":{"start":{"line":17,"column":4},"end":{"line":19,"column":5}},"type":"if","locations":[{"start":{"line":17,"column":4},"end":{"line":19,"column":5}},{"start":{},"end":{}}],"line":17}},"s":{"0":3,"1":3,"2":2,"3":2,"4":0,"5":0,"6":0,"7":0,"8":3},"f":{"0":2,"1":0},"b":{"0":[0,0]},"_coverageSchema":"1a1c01bbd47fc00a2c39e90264f33305004495a9","hash":"c8f749f6b56552cc36b8cff71b2abcc66b021a74"}
}
