TN:
SF:src/authorize.js
FN:6,getById
FN:22,canPerformAction
FN:33,getByActionId
FN:42,authorize
FNF:4
FNH:4
FNDA:5,getById
FNDA:2,canPerformAction
FNDA:2,getByActionId
FNDA:5,authorize
DA:1,3
DA:2,3
DA:3,3
DA:4,3
DA:7,5
DA:11,2
DA:14,3
DA:23,2
DA:24,2
DA:27,2
DA:28,1
DA:30,1
DA:34,2
DA:38,2
DA:43,5
DA:45,5
DA:46,5
DA:50,5
DA:52,5
DA:53,2
DA:54,2
DA:57,2
DA:58,2
DA:59,2
DA:63,2
DA:64,1
DA:65,1
DA:67,1
DA:68,1
DA:69,0
DA:72,3
LF:31
LH:30
BRDA:27,0,0,1
BRDA:27,0,1,1
BRDA:27,1,0,2
BRDA:27,1,1,2
BRDA:27,1,2,2
BRDA:43,2,0,5
BRDA:43,2,1,5
BRDA:43,2,2,0
BRDA:43,2,3,0
BRDA:45,3,0,5
BRDA:45,3,1,0
BRDA:63,4,0,1
BRDA:63,4,1,1
BRF:13
BRH:10
end_of_record
TN:
SF:src/calculate.js
FN:7,getByActionId
FN:16,calculate
FNF:2
FNH:2
FNDA:1,getByActionId
FNDA:1,calculate
DA:1,3
DA:2,3
DA:3,3
DA:4,3
DA:5,3
DA:8,1
DA:12,1
DA:17,1
DA:18,1
DA:19,1
DA:20,1
DA:22,1
DA:23,1
DA:24,1
DA:25,1
DA:26,1
DA:29,1
DA:31,1
DA:32,0
DA:35,1
DA:36,0
DA:39,1
DA:40,0
DA:42,1
DA:43,0
DA:46,1
DA:55,3
LF:27
LH:23
BRDA:17,0,0,1
BRDA:17,0,1,0
BRDA:35,1,0,0
BRDA:35,1,1,1
BRDA:35,2,0,1
BRDA:35,2,1,0
BRDA:39,3,0,0
BRDA:39,3,1,1
BRDA:42,4,0,0
BRDA:42,4,1,1
BRF:10
BRH:5
end_of_record
TN:
SF:src/common/db.js
FNF:0
FNH:0
DA:1,3
DA:3,3
DA:13,3
DA:19,3
LF:4
LH:4
BRDA:6,0,0,3
BRDA:6,0,1,3
BRF:2
BRH:2
end_of_record
TN:
SF:src/handlers/counter.js
FN:4,(anonymous_0)
FN:6,(anonymous_1)
FNF:2
FNH:0
FNDA:0,(anonymous_0)
FNDA:0,(anonymous_1)
DA:5,0
DA:6,0
DA:16,3
LF:3
LH:1
BRDA:5,0,0,0
BRDA:5,0,1,0
BRF:2
BRH:0
end_of_record
TN:
SF:src/handlers/index.js
FN:5,(anonymous_0)
FNF:1
FNH:1
FNDA:4,(anonymous_0)
DA:1,3
DA:2,3
DA:6,4
DA:8,4
DA:10,0
DA:12,0
DA:17,3
LF:7
LH:5
BRDA:6,0,0,4
BRDA:6,0,1,0
BRDA:6,0,2,0
BRF:3
BRH:1
end_of_record
TN:
SF:src/handlers/newest.js
FN:2,(anonymous_0)
FN:7,(anonymous_1)
FNF:2
FNH:0
FNDA:0,(anonymous_0)
FNDA:0,(anonymous_1)
DA:3,0
DA:6,0
DA:7,0
DA:8,0
DA:11,0
DA:15,3
LF:6
LH:1
BRDA:3,0,0,0
BRDA:3,0,1,0
BRDA:3,1,0,0
BRDA:3,1,1,0
BRF:4
BRH:0
end_of_record
TN:
SF:src/models/action.js
FN:11,(anonymous_0)
FN:18,(anonymous_1)
FN:29,(anonymous_2)
FN:41,(anonymous_3)
FN:43,(anonymous_4)
FN:50,(anonymous_5)
FNF:6
FNH:3
FNDA:3,(anonymous_0)
FNDA:0,(anonymous_1)
FNDA:0,(anonymous_2)
FNDA:1,(anonymous_3)
FNDA:1,(anonymous_4)
FNDA:0,(anonymous_5)
DA:1,3
DA:2,3
DA:3,3
DA:12,3
DA:13,3
DA:14,3
DA:15,3
DA:19,0
DA:22,0
DA:23,0
DA:26,0
DA:30,0
DA:34,0
DA:35,0
DA:38,0
DA:42,1
DA:43,1
DA:45,1
DA:46,1
DA:47,1
DA:50,0
DA:55,3
LF:22
LH:13
BRDA:22,0,0,0
BRDA:22,0,1,0
BRDA:34,1,0,0
BRDA:34,1,1,0
BRDA:45,2,0,1
BRDA:45,2,1,0
BRF:6
BRH:1
end_of_record
TN:
SF:src/models/role.js
FN:7,(anonymous_0)
FNF:1
FNH:1
FNDA:5,(anonymous_0)
DA:2,3
DA:3,3
DA:4,3
DA:5,3
DA:8,5
DA:9,4
DA:10,4
DA:11,3
DA:15,3
LF:9
LH:9
BRDA:8,0,0,1
BRDA:8,0,1,4
BRDA:9,1,0,0
BRDA:9,1,1,4
BRDA:10,2,0,1
BRDA:10,2,1,3
BRDA:11,3,0,3
BRDA:11,3,1,0
BRF:8
BRH:6
end_of_record
TN:
SF:src/models/user.js
FN:8,(anonymous_0)
FN:13,(anonymous_1)
FNF:2
FNH:1
FNDA:2,(anonymous_0)
FNDA:0,(anonymous_1)
DA:1,3
DA:2,3
DA:9,2
DA:10,2
DA:14,0
DA:17,0
DA:18,0
DA:21,0
DA:25,3
LF:9
LH:5
BRDA:17,0,0,0
BRDA:17,0,1,0
BRF:2
BRH:0
end_of_record
